<?xml version="1.0" encoding="UTF-8"?>
<!-- Generated by org.testng.reporters.JUnitReportReporter -->
<testsuite hostname="DESKTOP-F13VTSE" failures="0" tests="1" name="com.Blackthron.web.allScripts.class1" time="52.275" errors="0" timestamp="2022-11-08T13:45:53 IST" skipped="0">
  <testcase classname="com.Blackthron.web.allScripts.class1" name="Lauchbrowser" time="52.275"/>
  <system-out/>
</testsuite> <!-- com.Blackthron.web.allScripts.class1 -->
