<?xml version="1.0" encoding="UTF-8"?>
<!-- Generated by org.testng.reporters.JUnitReportReporter -->
<testsuite hostname="DESKTOP-F13VTSE" failures="0" tests="1" name="com.Blackthron.web.allScripts.Login" time="98.845" errors="0" timestamp="2022-04-29T19:00:55 IST" skipped="0">
  <testcase classname="com.Blackthron.web.allScripts.Login" name="Lauchbrowser" time="98.845"/>
  <system-out/>
</testsuite> <!-- com.Blackthron.web.allScripts.Login -->
